<?xml version="1.0" encoding="UTF-8"?>
<!-- Generated by org.testng.reporters.JUnitReportReporter -->
<testsuite hostname="LAPTOP-3SFQ684H" failures="0" tests="1" name="testing.DoctorLoginTest" time="4.986" errors="0" timestamp="2021-10-24T19:53:21 IST" skipped="0">
  <testcase classname="testing.DoctorLoginTest" name="verifyDoctorLoginTest" time="4.986"/>
  <system-out/>
</testsuite> <!-- testing.DoctorLoginTest -->
